<?xml version="1.0" encoding="UTF-8"?>
<!-- Generated by org.testng.reporters.JUnitReportReporter -->
<testsuite hostname="YASHYAA" failures="0" tests="1" name="testCases.test" time="5.054" errors="0" timestamp="2022-12-07T08:03:19 IST" skipped="0">
  <testcase classname="testCases.test" name="method1" time="5.054"/>
  <system-out/>
</testsuite> <!-- testCases.test -->
